app/build/intermediates/manifest_merge_blame_file/release/manifest-merger-blame-release-report.txt
1<?xml version="1.0" encoding="utf-8"?>
2<manifest xmlns:android="http://schemas.android.com/apk/res/android"
3    package="com.roadguardian.auto"
4    android:versionCode="2"
5    android:versionName="2.0" >
6
7    <uses-sdk
8        android:minSdkVersion="26"
9        android:targetSdkVersion="34" />
10
11    <!-- ðŸ”’ Permisos requeridos -->
12    <uses-permission android:name="android.permission.CAMERA" />
12-->src\main\AndroidManifest.xml:6:5-65
12-->src\main\AndroidManifest.xml:6:22-62
13    <uses-permission android:name="android.permission.RECORD_AUDIO" />
13-->src\main\AndroidManifest.xml:7:5-71
13-->src\main\AndroidManifest.xml:7:22-68
14    <uses-permission android:name="android.permission.ACCESS_FINE_LOCATION" />
14-->src\main\AndroidManifest.xml:8:5-79
14-->src\main\AndroidManifest.xml:8:22-76
15    <uses-permission android:name="android.permission.ACCESS_COARSE_LOCATION" />
15-->src\main\AndroidManifest.xml:9:5-81
15-->src\main\AndroidManifest.xml:9:22-78
16    <uses-permission android:name="android.permission.FOREGROUND_SERVICE" />
16-->src\main\AndroidManifest.xml:10:5-77
16-->src\main\AndroidManifest.xml:10:22-74
17    <uses-permission android:name="android.permission.WAKE_LOCK" />
17-->src\main\AndroidManifest.xml:11:5-68
17-->src\main\AndroidManifest.xml:11:22-65
18    <uses-permission android:name="android.permission.INTERNET" />
18-->src\main\AndroidManifest.xml:12:5-67
18-->src\main\AndroidManifest.xml:12:22-64
19    <uses-permission android:name="android.permission.VIBRATE" />
19-->src\main\AndroidManifest.xml:13:5-66
19-->src\main\AndroidManifest.xml:13:22-63
20
21    <!-- ðŸš˜ Soporte obligatorio para Android Auto y cÃ¡mara -->
22    <uses-feature
22-->src\main\AndroidManifest.xml:16:5-84
23        android:name="android.hardware.camera"
23-->src\main\AndroidManifest.xml:16:19-57
24        android:required="true" />
24-->src\main\AndroidManifest.xml:16:58-81
25    <uses-feature
25-->src\main\AndroidManifest.xml:17:5-95
26        android:name="android.hardware.camera.autofocus"
26-->src\main\AndroidManifest.xml:17:19-67
27        android:required="false" />
27-->src\main\AndroidManifest.xml:17:68-92
28    <uses-feature
28-->src\main\AndroidManifest.xml:18:5-87
29        android:name="android.hardware.location"
29-->src\main\AndroidManifest.xml:18:19-59
30        android:required="false" />
30-->src\main\AndroidManifest.xml:18:60-84
31
32    <queries>
32-->[androidx.camera:camera-extensions:1.3.1] AndroidManifest.xml:22:5-26:15
33        <intent>
33-->[androidx.camera:camera-extensions:1.3.1] AndroidManifest.xml:23:9-25:18
34            <action android:name="androidx.camera.extensions.action.VENDOR_ACTION" />
34-->[androidx.camera:camera-extensions:1.3.1] AndroidManifest.xml:24:13-86
34-->[androidx.camera:camera-extensions:1.3.1] AndroidManifest.xml:24:21-83
35        </intent>
36
37        <provider
37-->[androidx.car.app:app:1.7.0-beta01] AndroidManifest.xml:24:9-27:43
38            android:name="androidx.car.app.connection.provider"
38-->[androidx.car.app:app:1.7.0-beta01] AndroidManifest.xml:25:13-64
39            android:authorities="androidx.car.app.connection" />
39-->[androidx.car.app:app:1.7.0-beta01] AndroidManifest.xml:26:13-62
40    </queries>
41
42    <permission
42-->[androidx.core:core:1.12.0] AndroidManifest.xml:22:5-24:47
43        android:name="com.roadguardian.auto.DYNAMIC_RECEIVER_NOT_EXPORTED_PERMISSION"
43-->[androidx.core:core:1.12.0] AndroidManifest.xml:23:9-81
44        android:protectionLevel="signature" />
44-->[androidx.core:core:1.12.0] AndroidManifest.xml:24:9-44
45
46    <uses-permission android:name="com.roadguardian.auto.DYNAMIC_RECEIVER_NOT_EXPORTED_PERMISSION" />
46-->[androidx.core:core:1.12.0] AndroidManifest.xml:26:5-97
46-->[androidx.core:core:1.12.0] AndroidManifest.xml:26:22-94
47
48    <application
48-->src\main\AndroidManifest.xml:20:5-72:19
49        android:allowBackup="true"
49-->src\main\AndroidManifest.xml:21:9-35
50        android:appComponentFactory="androidx.core.app.CoreComponentFactory"
50-->[androidx.core:core:1.12.0] AndroidManifest.xml:28:18-86
51        android:extractNativeLibs="false"
52        android:icon="@mipmap/ic_launcher"
52-->src\main\AndroidManifest.xml:23:9-43
53        android:label="@string/app_name"
53-->src\main\AndroidManifest.xml:22:9-41
54        android:supportsRtl="true"
54-->src\main\AndroidManifest.xml:24:9-35
55        android:theme="@style/Theme.RoadGuardianAuto"
55-->src\main\AndroidManifest.xml:26:9-54
56        android:usesCleartextTraffic="true" >
56-->src\main\AndroidManifest.xml:25:9-44
57
58        <!-- ðŸ§  Actividad principal (interfaz visual completa) -->
59        <activity
59-->src\main\AndroidManifest.xml:30:9-39:20
60            android:name="com.roadguardian.auto.MainActivity"
60-->src\main\AndroidManifest.xml:31:13-41
61            android:exported="true"
61-->src\main\AndroidManifest.xml:32:13-36
62            android:screenOrientation="landscape"
62-->src\main\AndroidManifest.xml:33:13-50
63            android:theme="@style/Theme.RoadGuardianAuto" >
63-->src\main\AndroidManifest.xml:34:13-58
64            <intent-filter>
64-->src\main\AndroidManifest.xml:35:13-38:29
65                <action android:name="android.intent.action.MAIN" />
65-->src\main\AndroidManifest.xml:36:17-69
65-->src\main\AndroidManifest.xml:36:25-66
66
67                <category android:name="android.intent.category.LAUNCHER" />
67-->src\main\AndroidManifest.xml:37:17-77
67-->src\main\AndroidManifest.xml:37:27-74
68            </intent-filter>
69        </activity>
70
71        <!-- ðŸš— Servicio de Android Auto / Automotive OS -->
72        <service
72-->src\main\AndroidManifest.xml:42:9-54:19
73            android:name="com.roadguardian.auto.RoadGuardianCarService"
73-->src\main\AndroidManifest.xml:43:13-51
74            android:exported="true"
74-->src\main\AndroidManifest.xml:44:13-36
75            android:foregroundServiceType="camera|location"
75-->src\main\AndroidManifest.xml:45:13-60
76            android:label="@string/app_name" >
76-->src\main\AndroidManifest.xml:46:13-45
77            <intent-filter>
77-->src\main\AndroidManifest.xml:47:13-49:29
78                <action android:name="androidx.car.app.CarAppService" />
78-->src\main\AndroidManifest.xml:48:17-73
78-->src\main\AndroidManifest.xml:48:25-70
79            </intent-filter>
80
81            <meta-data
81-->src\main\AndroidManifest.xml:51:13-53:63
82                android:name="com.google.android.gms.car.application"
82-->src\main\AndroidManifest.xml:52:17-70
83                android:resource="@xml/automotive_app_desc" />
83-->src\main\AndroidManifest.xml:53:17-60
84        </service>
85
86        <!-- ðŸ§© Fragmento de ajustes (UI flotante de configuraciÃ³n) -->
87        <activity
87-->src\main\AndroidManifest.xml:57:9-60:68
88            android:name="com.roadguardian.auto.SettingsDialogFragment"
88-->src\main\AndroidManifest.xml:58:13-51
89            android:exported="false"
89-->src\main\AndroidManifest.xml:59:13-37
90            android:theme="@style/Theme.RoadGuardianAuto.Dialog" />
90-->src\main\AndroidManifest.xml:60:13-65
91
92        <!-- ðŸ§  TensorFlow Lite optimizado -->
93        <meta-data
93-->src\main\AndroidManifest.xml:63:9-65:36
94            android:name="com.google.android.gms.tflite.OPTIMIZED"
94-->src\main\AndroidManifest.xml:64:13-67
95            android:value="true" />
95-->src\main\AndroidManifest.xml:65:13-33
96
97        <!-- ðŸŽ¨ Compatibilidad con el nuevo sistema de iconos -->
98        <meta-data
98-->src\main\AndroidManifest.xml:68:9-70:56
99            android:name="com.android.launcher3.LEGACY_ICON"
99-->src\main\AndroidManifest.xml:69:13-61
100            android:resource="@drawable/ic_launcher" />
100-->src\main\AndroidManifest.xml:70:13-53
101
102        <uses-library
102-->[androidx.camera:camera-extensions:1.3.1] AndroidManifest.xml:29:9-31:40
103            android:name="androidx.camera.extensions.impl"
103-->[androidx.camera:camera-extensions:1.3.1] AndroidManifest.xml:30:13-59
104            android:required="false" />
104-->[androidx.camera:camera-extensions:1.3.1] AndroidManifest.xml:31:13-37
105
106        <service
106-->[androidx.camera:camera-camera2:1.3.1] AndroidManifest.xml:24:9-33:19
107            android:name="androidx.camera.core.impl.MetadataHolderService"
107-->[androidx.camera:camera-camera2:1.3.1] AndroidManifest.xml:25:13-75
108            android:enabled="false"
108-->[androidx.camera:camera-camera2:1.3.1] AndroidManifest.xml:26:13-36
109            android:exported="false" >
109-->[androidx.camera:camera-camera2:1.3.1] AndroidManifest.xml:27:13-37
110            <meta-data
110-->[androidx.camera:camera-camera2:1.3.1] AndroidManifest.xml:30:13-32:89
111                android:name="androidx.camera.core.impl.MetadataHolderService.DEFAULT_CONFIG_PROVIDER"
111-->[androidx.camera:camera-camera2:1.3.1] AndroidManifest.xml:31:17-103
112                android:value="androidx.camera.camera2.Camera2Config$DefaultProvider" />
112-->[androidx.camera:camera-camera2:1.3.1] AndroidManifest.xml:32:17-86
113        </service>
114
115        <activity
115-->[androidx.car.app:app:1.7.0-beta01] AndroidManifest.xml:31:9-34:75
116            android:name="androidx.car.app.CarAppPermissionActivity"
116-->[androidx.car.app:app:1.7.0-beta01] AndroidManifest.xml:32:13-69
117            android:exported="false"
117-->[androidx.car.app:app:1.7.0-beta01] AndroidManifest.xml:33:13-37
118            android:theme="@android:style/Theme.Translucent.NoTitleBar" />
118-->[androidx.car.app:app:1.7.0-beta01] AndroidManifest.xml:34:13-72
119
120        <receiver
120-->[androidx.car.app:app:1.7.0-beta01] AndroidManifest.xml:36:9-38:40
121            android:name="androidx.car.app.notification.CarAppNotificationBroadcastReceiver"
121-->[androidx.car.app:app:1.7.0-beta01] AndroidManifest.xml:37:13-93
122            android:exported="false" />
122-->[androidx.car.app:app:1.7.0-beta01] AndroidManifest.xml:38:13-37
123
124        <provider
124-->[androidx.emoji2:emoji2:1.2.0] AndroidManifest.xml:24:9-32:20
125            android:name="androidx.startup.InitializationProvider"
125-->[androidx.emoji2:emoji2:1.2.0] AndroidManifest.xml:25:13-67
126            android:authorities="com.roadguardian.auto.androidx-startup"
126-->[androidx.emoji2:emoji2:1.2.0] AndroidManifest.xml:26:13-68
127            android:exported="false" >
127-->[androidx.emoji2:emoji2:1.2.0] AndroidManifest.xml:27:13-37
128            <meta-data
128-->[androidx.emoji2:emoji2:1.2.0] AndroidManifest.xml:29:13-31:52
129                android:name="androidx.emoji2.text.EmojiCompatInitializer"
129-->[androidx.emoji2:emoji2:1.2.0] AndroidManifest.xml:30:17-75
130                android:value="androidx.startup" />
130-->[androidx.emoji2:emoji2:1.2.0] AndroidManifest.xml:31:17-49
131            <meta-data
131-->[androidx.lifecycle:lifecycle-process:2.6.2] AndroidManifest.xml:29:13-31:52
132                android:name="androidx.lifecycle.ProcessLifecycleInitializer"
132-->[androidx.lifecycle:lifecycle-process:2.6.2] AndroidManifest.xml:30:17-78
133                android:value="androidx.startup" />
133-->[androidx.lifecycle:lifecycle-process:2.6.2] AndroidManifest.xml:31:17-49
134            <meta-data
134-->[androidx.profileinstaller:profileinstaller:1.3.0] AndroidManifest.xml:29:13-31:52
135                android:name="androidx.profileinstaller.ProfileInstallerInitializer"
135-->[androidx.profileinstaller:profileinstaller:1.3.0] AndroidManifest.xml:30:17-85
136                android:value="androidx.startup" />
136-->[androidx.profileinstaller:profileinstaller:1.3.0] AndroidManifest.xml:31:17-49
137        </provider>
138
139        <receiver
139-->[androidx.profileinstaller:profileinstaller:1.3.0] AndroidManifest.xml:34:9-52:20
140            android:name="androidx.profileinstaller.ProfileInstallReceiver"
140-->[androidx.profileinstaller:profileinstaller:1.3.0] AndroidManifest.xml:35:13-76
141            android:directBootAware="false"
141-->[androidx.profileinstaller:profileinstaller:1.3.0] AndroidManifest.xml:36:13-44
142            android:enabled="true"
142-->[androidx.profileinstaller:profileinstaller:1.3.0] AndroidManifest.xml:37:13-35
143            android:exported="true"
143-->[androidx.profileinstaller:profileinstaller:1.3.0] AndroidManifest.xml:38:13-36
144            android:permission="android.permission.DUMP" >
144-->[androidx.profileinstaller:profileinstaller:1.3.0] AndroidManifest.xml:39:13-57
145            <intent-filter>
145-->[androidx.profileinstaller:profileinstaller:1.3.0] AndroidManifest.xml:40:13-42:29
146                <action android:name="androidx.profileinstaller.action.INSTALL_PROFILE" />
146-->[androidx.profileinstaller:profileinstaller:1.3.0] AndroidManifest.xml:41:17-91
146-->[androidx.profileinstaller:profileinstaller:1.3.0] AndroidManifest.xml:41:25-88
147            </intent-filter>
148            <intent-filter>
148-->[androidx.profileinstaller:profileinstaller:1.3.0] AndroidManifest.xml:43:13-45:29
149                <action android:name="androidx.profileinstaller.action.SKIP_FILE" />
149-->[androidx.profileinstaller:profileinstaller:1.3.0] AndroidManifest.xml:44:17-85
149-->[androidx.profileinstaller:profileinstaller:1.3.0] AndroidManifest.xml:44:25-82
150            </intent-filter>
151            <intent-filter>
151-->[androidx.profileinstaller:profileinstaller:1.3.0] AndroidManifest.xml:46:13-48:29
152                <action android:name="androidx.profileinstaller.action.SAVE_PROFILE" />
152-->[androidx.profileinstaller:profileinstaller:1.3.0] AndroidManifest.xml:47:17-88
152-->[androidx.profileinstaller:profileinstaller:1.3.0] AndroidManifest.xml:47:25-85
153            </intent-filter>
154            <intent-filter>
154-->[androidx.profileinstaller:profileinstaller:1.3.0] AndroidManifest.xml:49:13-51:29
155                <action android:name="androidx.profileinstaller.action.BENCHMARK_OPERATION" />
155-->[androidx.profileinstaller:profileinstaller:1.3.0] AndroidManifest.xml:50:17-95
155-->[androidx.profileinstaller:profileinstaller:1.3.0] AndroidManifest.xml:50:25-92
156            </intent-filter>
157        </receiver>
158    </application>
159
160</manifest>